[30-Dec-2020 21:33:31 Asia/Tokyo] PHP Parse error:  syntax error, unexpected end of file, expecting elseif (T_ELSEIF) or else (T_ELSE) or endif (T_ENDIF) in /Applications/MAMP/htdocs/PHP/ECsite/views/signup.php on line 28
[30-Dec-2020 21:34:48 Asia/Tokyo] PHP Parse error:  syntax error, unexpected end of file, expecting elseif (T_ELSEIF) or else (T_ELSE) or endif (T_ENDIF) in /Applications/MAMP/htdocs/PHP/ECsite/views/signup.php on line 28
[30-Dec-2020 22:14:44 Asia/Tokyo] PHP Fatal error:  Uncaught Error: Call to undefined function validMinLen() in /Applications/MAMP/htdocs/PHP/ECsite/signup.php:24
Stack trace:
#0 {main}
  thrown in /Applications/MAMP/htdocs/PHP/ECsite/signup.php on line 24
[30-Dec-2020 22:30:01 Asia/Tokyo] PHP Fatal error:  Uncaught Error: Call to undefined function validMinLen() in /Applications/MAMP/htdocs/PHP/ECsite/signup.php:24
Stack trace:
#0 {main}
  thrown in /Applications/MAMP/htdocs/PHP/ECsite/signup.php on line 24
[30-Dec-2020 22:32:23 Asia/Tokyo] PHP Warning:  Invalid argument supplied for foreach() in /Applications/MAMP/htdocs/PHP/ECsite/views/signup.php on line 9
[30-Dec-2020 22:32:29 Asia/Tokyo] PHP Warning:  Invalid argument supplied for foreach() in /Applications/MAMP/htdocs/PHP/ECsite/views/signup.php on line 9
[03-Jan-2021 16:17:15 Asia/Tokyo] デバッグ：未ログインユーザーです
[03-Jan-2021 16:17:15 Asia/Tokyo] デバッグ：Login Page.
[03-Jan-2021 16:17:15 Asia/Tokyo] デバッグ：*********************************** 描画処理開始
[03-Jan-2021 16:17:15 Asia/Tokyo] デバッグ：セッションID：a27ja0akj00s39et4ab5t5lb0p
[03-Jan-2021 16:17:15 Asia/Tokyo] デバッグ：セッション変数の中身：Array
(
)

[03-Jan-2021 16:17:15 Asia/Tokyo] デバッグ：現在日時タイムスタンプ：1609658235
[03-Jan-2021 16:17:28 Asia/Tokyo] デバッグ：未ログインユーザーです
[03-Jan-2021 16:17:28 Asia/Tokyo] デバッグ：Login Page.
[03-Jan-2021 16:17:28 Asia/Tokyo] デバッグ：*********************************** 描画処理開始
[03-Jan-2021 16:17:28 Asia/Tokyo] デバッグ：セッションID：rfjgk27f0es1dk1gorvpsjtnom
[03-Jan-2021 16:17:28 Asia/Tokyo] デバッグ：セッション変数の中身：Array
(
)

[03-Jan-2021 16:17:28 Asia/Tokyo] デバッグ：現在日時タイムスタンプ：1609658248
[03-Jan-2021 16:17:28 Asia/Tokyo] デバッグ：POST送信があります
[03-Jan-2021 16:17:28 Asia/Tokyo] PHP Notice:  Undefined index: common in /Applications/MAMP/htdocs/PHP/ECsite/views/login.php on line 9
[03-Jan-2021 16:18:40 Asia/Tokyo] デバッグ：未ログインユーザーです
[03-Jan-2021 16:18:40 Asia/Tokyo] デバッグ：Login Page.
[03-Jan-2021 16:18:40 Asia/Tokyo] デバッグ：*********************************** 描画処理開始
[03-Jan-2021 16:18:40 Asia/Tokyo] デバッグ：セッションID：4obdh93ipsajc04b8q7la75nst
[03-Jan-2021 16:18:40 Asia/Tokyo] デバッグ：セッション変数の中身：Array
(
)

[03-Jan-2021 16:18:40 Asia/Tokyo] デバッグ：現在日時タイムスタンプ：1609658320
[03-Jan-2021 16:18:40 Asia/Tokyo] デバッグ：POST送信があります
[03-Jan-2021 16:18:40 Asia/Tokyo] PHP Notice:  Undefined index: common in /Applications/MAMP/htdocs/PHP/ECsite/views/login.php on line 9
[03-Jan-2021 16:19:29 Asia/Tokyo] デバッグ：未ログインユーザーです
[03-Jan-2021 16:19:29 Asia/Tokyo] デバッグ：Login Page.
[03-Jan-2021 16:19:29 Asia/Tokyo] デバッグ：*********************************** 描画処理開始
[03-Jan-2021 16:19:29 Asia/Tokyo] デバッグ：セッションID：c7fbd9a6qoaghbp1a5pf1dresk
[03-Jan-2021 16:19:29 Asia/Tokyo] デバッグ：セッション変数の中身：Array
(
)

[03-Jan-2021 16:19:29 Asia/Tokyo] デバッグ：現在日時タイムスタンプ：1609658369
[03-Jan-2021 16:19:29 Asia/Tokyo] デバッグ：POST送信があります
[03-Jan-2021 16:19:29 Asia/Tokyo] PHP Notice:  Undefined index: common in /Applications/MAMP/htdocs/PHP/ECsite/views/login.php on line 9
[03-Jan-2021 16:19:29 Asia/Tokyo] PHP Notice:  Undefined index: email in /Applications/MAMP/htdocs/PHP/ECsite/views/login.php on line 13
[03-Jan-2021 16:20:22 Asia/Tokyo] デバッグ：未ログインユーザーです
[03-Jan-2021 16:20:22 Asia/Tokyo] デバッグ：Login Page.
[03-Jan-2021 16:20:22 Asia/Tokyo] デバッグ：*********************************** 描画処理開始
[03-Jan-2021 16:20:22 Asia/Tokyo] デバッグ：セッションID：ggu8jjqqbeqa4ignaq2f7jh448
[03-Jan-2021 16:20:22 Asia/Tokyo] デバッグ：セッション変数の中身：Array
(
)

[03-Jan-2021 16:20:22 Asia/Tokyo] デバッグ：現在日時タイムスタンプ：1609658422
[03-Jan-2021 16:20:22 Asia/Tokyo] デバッグ：POST送信があります
[03-Jan-2021 16:20:22 Asia/Tokyo] PHP Notice:  Undefined index: common in /Applications/MAMP/htdocs/PHP/ECsite/views/login.php on line 9
[03-Jan-2021 16:20:22 Asia/Tokyo] PHP Notice:  Undefined index: email in /Applications/MAMP/htdocs/PHP/ECsite/views/login.php on line 13
[03-Jan-2021 16:20:43 Asia/Tokyo] デバッグ：未ログインユーザーです
[03-Jan-2021 16:20:43 Asia/Tokyo] デバッグ：Login Page.
[03-Jan-2021 16:20:43 Asia/Tokyo] デバッグ：*********************************** 描画処理開始
[03-Jan-2021 16:20:43 Asia/Tokyo] デバッグ：セッションID：76mekl03fcii0fi2otmqla5gg3
[03-Jan-2021 16:20:43 Asia/Tokyo] デバッグ：セッション変数の中身：Array
(
)

[03-Jan-2021 16:20:43 Asia/Tokyo] デバッグ：現在日時タイムスタンプ：1609658443
[03-Jan-2021 16:20:43 Asia/Tokyo] デバッグ：POST送信があります
[03-Jan-2021 16:20:43 Asia/Tokyo] PHP Notice:  Undefined index: common in /Applications/MAMP/htdocs/PHP/ECsite/views/login.php on line 9
[03-Jan-2021 16:20:43 Asia/Tokyo] PHP Notice:  Undefined index: email in /Applications/MAMP/htdocs/PHP/ECsite/views/login.php on line 13
[03-Jan-2021 16:20:46 Asia/Tokyo] デバッグ：未ログインユーザーです
[03-Jan-2021 16:20:46 Asia/Tokyo] デバッグ：Login Page.
[03-Jan-2021 16:20:46 Asia/Tokyo] デバッグ：*********************************** 描画処理開始
[03-Jan-2021 16:20:46 Asia/Tokyo] デバッグ：セッションID：fljji3ktofv82h4uedmtast4jl
[03-Jan-2021 16:20:46 Asia/Tokyo] デバッグ：セッション変数の中身：Array
(
)

[03-Jan-2021 16:20:46 Asia/Tokyo] デバッグ：現在日時タイムスタンプ：1609658446
[03-Jan-2021 16:20:46 Asia/Tokyo] デバッグ：POST送信があります
[03-Jan-2021 16:20:46 Asia/Tokyo] PHP Notice:  Undefined index: common in /Applications/MAMP/htdocs/PHP/ECsite/views/login.php on line 9
[03-Jan-2021 16:20:46 Asia/Tokyo] PHP Notice:  Undefined index: email in /Applications/MAMP/htdocs/PHP/ECsite/views/login.php on line 13
[03-Jan-2021 16:20:49 Asia/Tokyo] デバッグ：未ログインユーザーです
[03-Jan-2021 16:20:49 Asia/Tokyo] デバッグ：Login Page.
[03-Jan-2021 16:20:49 Asia/Tokyo] デバッグ：*********************************** 描画処理開始
[03-Jan-2021 16:20:49 Asia/Tokyo] デバッグ：セッションID：pqep5qmqfs1jt05je7co7p22qd
[03-Jan-2021 16:20:49 Asia/Tokyo] デバッグ：セッション変数の中身：Array
(
)

[03-Jan-2021 16:20:49 Asia/Tokyo] デバッグ：現在日時タイムスタンプ：1609658449
[03-Jan-2021 16:20:49 Asia/Tokyo] デバッグ：POST送信があります
[03-Jan-2021 16:20:49 Asia/Tokyo] PHP Notice:  Undefined index: common in /Applications/MAMP/htdocs/PHP/ECsite/views/login.php on line 9
[03-Jan-2021 16:29:17 Asia/Tokyo] デバッグ：未ログインユーザーです
[03-Jan-2021 16:29:17 Asia/Tokyo] デバッグ：Login Page.
[03-Jan-2021 16:29:17 Asia/Tokyo] デバッグ：*********************************** 描画処理開始
[03-Jan-2021 16:29:17 Asia/Tokyo] デバッグ：セッションID：7q9vtoabhhmbgqfs5i8qickne9
[03-Jan-2021 16:29:17 Asia/Tokyo] デバッグ：セッション変数の中身：Array
(
)

[03-Jan-2021 16:29:17 Asia/Tokyo] デバッグ：現在日時タイムスタンプ：1609658957
[03-Jan-2021 16:29:17 Asia/Tokyo] デバッグ：POST送信があります
[03-Jan-2021 16:29:17 Asia/Tokyo] PHP Notice:  Undefined index: common in /Applications/MAMP/htdocs/PHP/ECsite/views/login.php on line 9
[03-Jan-2021 16:29:23 Asia/Tokyo] デバッグ：未ログインユーザーです
[03-Jan-2021 16:29:23 Asia/Tokyo] デバッグ：Login Page.
[03-Jan-2021 16:29:23 Asia/Tokyo] デバッグ：*********************************** 描画処理開始
[03-Jan-2021 16:29:23 Asia/Tokyo] デバッグ：セッションID：uhgias12efqn0hsef142gb7hnf
[03-Jan-2021 16:29:23 Asia/Tokyo] デバッグ：セッション変数の中身：Array
(
)

[03-Jan-2021 16:29:23 Asia/Tokyo] デバッグ：現在日時タイムスタンプ：1609658963
[03-Jan-2021 16:29:23 Asia/Tokyo] デバッグ：POST送信があります
[03-Jan-2021 16:29:23 Asia/Tokyo] PHP Notice:  Undefined index: common in /Applications/MAMP/htdocs/PHP/ECsite/views/login.php on line 9
[03-Jan-2021 16:29:23 Asia/Tokyo] PHP Notice:  Undefined index: email in /Applications/MAMP/htdocs/PHP/ECsite/views/login.php on line 13
[03-Jan-2021 16:29:32 Asia/Tokyo] デバッグ：未ログインユーザーです
[03-Jan-2021 16:29:32 Asia/Tokyo] デバッグ：Login Page.
[03-Jan-2021 16:29:32 Asia/Tokyo] デバッグ：*********************************** 描画処理開始
[03-Jan-2021 16:29:32 Asia/Tokyo] デバッグ：セッションID：cd5iitcc9c8a3m2b4408f3ggjn
[03-Jan-2021 16:29:32 Asia/Tokyo] デバッグ：セッション変数の中身：Array
(
)

[03-Jan-2021 16:29:32 Asia/Tokyo] デバッグ：現在日時タイムスタンプ：1609658972
[03-Jan-2021 16:29:32 Asia/Tokyo] デバッグ：POST送信があります
[03-Jan-2021 16:29:32 Asia/Tokyo] デバッグ：バリデーションチェックOK
[03-Jan-2021 16:29:32 Asia/Tokyo] デバッグ：クエリ結果の中身：
[03-Jan-2021 16:29:32 Asia/Tokyo] デバッグ：パスワードがアンマッチです
[03-Jan-2021 16:30:48 Asia/Tokyo] デバッグ：未ログインユーザーです
[03-Jan-2021 16:30:48 Asia/Tokyo] デバッグ：Login Page.
[03-Jan-2021 16:30:48 Asia/Tokyo] デバッグ：*********************************** 描画処理開始
[03-Jan-2021 16:30:48 Asia/Tokyo] デバッグ：セッションID：oiugp5i3dahqf79q7sif21qoln
[03-Jan-2021 16:30:48 Asia/Tokyo] デバッグ：セッション変数の中身：Array
(
)

[03-Jan-2021 16:30:48 Asia/Tokyo] デバッグ：現在日時タイムスタンプ：1609659048
[03-Jan-2021 16:30:48 Asia/Tokyo] デバッグ：POST送信があります
[03-Jan-2021 16:30:48 Asia/Tokyo] デバッグ：バリデーションチェックOK
[03-Jan-2021 16:30:48 Asia/Tokyo] デバッグ：クエリ結果の中身：
[03-Jan-2021 16:30:48 Asia/Tokyo] デバッグ：パスワードがアンマッチです
[03-Jan-2021 16:30:59 Asia/Tokyo] デバッグ：未ログインユーザーです
[03-Jan-2021 16:30:59 Asia/Tokyo] デバッグ：Login Page.
[03-Jan-2021 16:30:59 Asia/Tokyo] デバッグ：*********************************** 描画処理開始
[03-Jan-2021 16:30:59 Asia/Tokyo] デバッグ：セッションID：epqq2suv5pmlgkqhl2vnes1956
[03-Jan-2021 16:30:59 Asia/Tokyo] デバッグ：セッション変数の中身：Array
(
)

[03-Jan-2021 16:30:59 Asia/Tokyo] デバッグ：現在日時タイムスタンプ：1609659059
[03-Jan-2021 16:30:59 Asia/Tokyo] デバッグ：POST送信があります
[03-Jan-2021 16:30:59 Asia/Tokyo] デバッグ：バリデーションチェックOK
[03-Jan-2021 16:30:59 Asia/Tokyo] デバッグ：クエリ結果の中身：Array
(
    [password] => $2y$10$ZhEw56Hpua9idFtKN6mXiu09gFzGsur7TC3BmK4.FNMYMaa9ltWPu
    [id] => 1
)

[03-Jan-2021 16:31:00 Asia/Tokyo] デバッグ：パスワードがマッチしました
[03-Jan-2021 16:31:00 Asia/Tokyo] デバッグ：ログイン保持にチェックがあります
[03-Jan-2021 16:31:00 Asia/Tokyo] デバッグ：セッション変数の中身：Array
(
    [login_date] => 1609659060
    [login_limit] => 2592000
    [user_id] => 1
)

[03-Jan-2021 16:31:00 Asia/Tokyo] デバッグ：マイページへ遷移します
[03-Jan-2021 16:34:02 Asia/Tokyo] デバッグ：未ログインユーザーです
[03-Jan-2021 16:34:08 Asia/Tokyo] デバッグ：未ログインユーザーです
[03-Jan-2021 21:04:54 Asia/Tokyo] デバッグ：未ログインユーザーです
[03-Jan-2021 21:04:54 Asia/Tokyo] デバッグ：Login Page.
[03-Jan-2021 21:04:54 Asia/Tokyo] デバッグ：*********************************** 描画処理開始
[03-Jan-2021 21:04:54 Asia/Tokyo] デバッグ：セッションID：e0abv9469gttjdqlig26e3plui
[03-Jan-2021 21:04:54 Asia/Tokyo] デバッグ：セッション変数の中身：Array
(
)

[03-Jan-2021 21:04:54 Asia/Tokyo] デバッグ：現在日時タイムスタンプ：1609675494
[03-Jan-2021 21:07:16 Asia/Tokyo] デバッグ：未ログインユーザーです
[03-Jan-2021 21:07:16 Asia/Tokyo] デバッグ：Login Page.
[03-Jan-2021 21:07:16 Asia/Tokyo] デバッグ：*********************************** 描画処理開始
[03-Jan-2021 21:07:16 Asia/Tokyo] デバッグ：セッションID：pq5q0uqdgs1obpo23vu58smk3m
[03-Jan-2021 21:07:16 Asia/Tokyo] デバッグ：セッション変数の中身：Array
(
)

[03-Jan-2021 21:07:16 Asia/Tokyo] デバッグ：現在日時タイムスタンプ：1609675636
[03-Jan-2021 21:07:30 Asia/Tokyo] デバッグ：未ログインユーザーです
[03-Jan-2021 21:07:30 Asia/Tokyo] デバッグ：Login Page.
[03-Jan-2021 21:07:30 Asia/Tokyo] デバッグ：*********************************** 描画処理開始
[03-Jan-2021 21:07:30 Asia/Tokyo] デバッグ：セッションID：lpa1ssl4aj8qf7vbt81r8jv3gj
[03-Jan-2021 21:07:30 Asia/Tokyo] デバッグ：セッション変数の中身：Array
(
)

[03-Jan-2021 21:07:30 Asia/Tokyo] デバッグ：現在日時タイムスタンプ：1609675650
[03-Jan-2021 21:07:30 Asia/Tokyo] デバッグ：POST送信があります
[03-Jan-2021 21:07:30 Asia/Tokyo] デバッグ：バリデーションチェックOK
[03-Jan-2021 21:07:30 Asia/Tokyo] デバッグ：クエリ結果の中身：Array
(
    [password] => $2y$10$ZhEw56Hpua9idFtKN6mXiu09gFzGsur7TC3BmK4.FNMYMaa9ltWPu
    [id] => 1
)

[03-Jan-2021 21:07:30 Asia/Tokyo] デバッグ：パスワードがマッチしました
[03-Jan-2021 21:07:30 Asia/Tokyo] デバッグ：ログイン保持にチェックがあります
[03-Jan-2021 21:07:30 Asia/Tokyo] デバッグ：セッション変数の中身：Array
(
    [login_date] => 1609675650
    [login_limit] => 2592000
    [user_id] => 1
)

[03-Jan-2021 21:07:30 Asia/Tokyo] デバッグ：マイページへ遷移します
[03-Jan-2021 21:07:30 Asia/Tokyo] デバッグ：ログイン済ユーザーです
[03-Jan-2021 21:07:30 Asia/Tokyo] デバッグ：ログイン有効期限以内です
[03-Jan-2021 21:07:30 Asia/Tokyo] デバッグ：マイページへ遷移します
[03-Jan-2021 21:07:30 Asia/Tokyo] デバッグ：ログイン済ユーザーです
[03-Jan-2021 21:07:30 Asia/Tokyo] デバッグ：ログイン有効期限以内です
[03-Jan-2021 21:07:30 Asia/Tokyo] デバッグ：マイページへ遷移します
[03-Jan-2021 21:07:30 Asia/Tokyo] デバッグ：ログイン済ユーザーです
[03-Jan-2021 21:07:30 Asia/Tokyo] デバッグ：ログイン有効期限以内です
[03-Jan-2021 21:07:30 Asia/Tokyo] デバッグ：マイページへ遷移します
[03-Jan-2021 21:07:30 Asia/Tokyo] デバッグ：ログイン済ユーザーです
[03-Jan-2021 21:07:30 Asia/Tokyo] デバッグ：ログイン有効期限以内です
[03-Jan-2021 21:07:30 Asia/Tokyo] デバッグ：マイページへ遷移します
[03-Jan-2021 21:07:30 Asia/Tokyo] デバッグ：ログイン済ユーザーです
[03-Jan-2021 21:07:30 Asia/Tokyo] デバッグ：ログイン有効期限以内です
[03-Jan-2021 21:07:30 Asia/Tokyo] デバッグ：マイページへ遷移します
[03-Jan-2021 21:07:30 Asia/Tokyo] デバッグ：ログイン済ユーザーです
[03-Jan-2021 21:07:30 Asia/Tokyo] デバッグ：ログイン有効期限以内です
[03-Jan-2021 21:07:30 Asia/Tokyo] デバッグ：マイページへ遷移します
[03-Jan-2021 21:07:30 Asia/Tokyo] デバッグ：ログイン済ユーザーです
[03-Jan-2021 21:07:30 Asia/Tokyo] デバッグ：ログイン有効期限以内です
[03-Jan-2021 21:07:30 Asia/Tokyo] デバッグ：マイページへ遷移します
[03-Jan-2021 21:07:30 Asia/Tokyo] デバッグ：ログイン済ユーザーです
[03-Jan-2021 21:07:30 Asia/Tokyo] デバッグ：ログイン有効期限以内です
[03-Jan-2021 21:07:30 Asia/Tokyo] デバッグ：マイページへ遷移します
[03-Jan-2021 21:07:30 Asia/Tokyo] デバッグ：ログイン済ユーザーです
[03-Jan-2021 21:07:30 Asia/Tokyo] デバッグ：ログイン有効期限以内です
[03-Jan-2021 21:07:30 Asia/Tokyo] デバッグ：マイページへ遷移します
[03-Jan-2021 21:07:30 Asia/Tokyo] デバッグ：ログイン済ユーザーです
[03-Jan-2021 21:07:30 Asia/Tokyo] デバッグ：ログイン有効期限以内です
[03-Jan-2021 21:07:30 Asia/Tokyo] デバッグ：マイページへ遷移します
[03-Jan-2021 21:07:30 Asia/Tokyo] デバッグ：ログイン済ユーザーです
[03-Jan-2021 21:07:30 Asia/Tokyo] デバッグ：ログイン有効期限以内です
[03-Jan-2021 21:07:30 Asia/Tokyo] デバッグ：マイページへ遷移します
[03-Jan-2021 21:07:30 Asia/Tokyo] デバッグ：ログイン済ユーザーです
[03-Jan-2021 21:07:30 Asia/Tokyo] デバッグ：ログイン有効期限以内です
[03-Jan-2021 21:07:30 Asia/Tokyo] デバッグ：マイページへ遷移します
[03-Jan-2021 21:07:30 Asia/Tokyo] デバッグ：ログイン済ユーザーです
[03-Jan-2021 21:07:30 Asia/Tokyo] デバッグ：ログイン有効期限以内です
[03-Jan-2021 21:07:30 Asia/Tokyo] デバッグ：マイページへ遷移します
[03-Jan-2021 21:07:30 Asia/Tokyo] デバッグ：ログイン済ユーザーです
[03-Jan-2021 21:07:30 Asia/Tokyo] デバッグ：ログイン有効期限以内です
[03-Jan-2021 21:07:30 Asia/Tokyo] デバッグ：マイページへ遷移します
[03-Jan-2021 21:07:30 Asia/Tokyo] デバッグ：ログイン済ユーザーです
[03-Jan-2021 21:07:30 Asia/Tokyo] デバッグ：ログイン有効期限以内です
[03-Jan-2021 21:07:30 Asia/Tokyo] デバッグ：マイページへ遷移します
[03-Jan-2021 21:07:30 Asia/Tokyo] デバッグ：ログイン済ユーザーです
[03-Jan-2021 21:07:30 Asia/Tokyo] デバッグ：ログイン有効期限以内です
[03-Jan-2021 21:07:30 Asia/Tokyo] デバッグ：マイページへ遷移します
[03-Jan-2021 21:07:30 Asia/Tokyo] デバッグ：ログイン済ユーザーです
[03-Jan-2021 21:07:30 Asia/Tokyo] デバッグ：ログイン有効期限以内です
[03-Jan-2021 21:07:30 Asia/Tokyo] デバッグ：マイページへ遷移します
[03-Jan-2021 21:07:30 Asia/Tokyo] デバッグ：ログイン済ユーザーです
[03-Jan-2021 21:07:30 Asia/Tokyo] デバッグ：ログイン有効期限以内です
[03-Jan-2021 21:07:30 Asia/Tokyo] デバッグ：マイページへ遷移します
[03-Jan-2021 21:07:30 Asia/Tokyo] デバッグ：ログイン済ユーザーです
[03-Jan-2021 21:07:30 Asia/Tokyo] デバッグ：ログイン有効期限以内です
[03-Jan-2021 21:07:30 Asia/Tokyo] デバッグ：マイページへ遷移します
[03-Jan-2021 21:07:31 Asia/Tokyo] デバッグ：ログイン済ユーザーです
[03-Jan-2021 21:07:31 Asia/Tokyo] デバッグ：ログイン有効期限以内です
[03-Jan-2021 21:07:31 Asia/Tokyo] デバッグ：マイページへ遷移します
[03-Jan-2021 21:07:31 Asia/Tokyo] デバッグ：ログイン済ユーザーです
[03-Jan-2021 21:07:31 Asia/Tokyo] デバッグ：ログイン有効期限以内です
[03-Jan-2021 21:07:31 Asia/Tokyo] デバッグ：マイページへ遷移します
[03-Jan-2021 21:07:31 Asia/Tokyo] デバッグ：ログイン済ユーザーです
[03-Jan-2021 21:07:31 Asia/Tokyo] デバッグ：ログイン有効期限以内です
[03-Jan-2021 21:07:31 Asia/Tokyo] デバッグ：マイページへ遷移します
[03-Jan-2021 21:07:31 Asia/Tokyo] デバッグ：ログイン済ユーザーです
[03-Jan-2021 21:07:31 Asia/Tokyo] デバッグ：ログイン有効期限以内です
[03-Jan-2021 21:07:31 Asia/Tokyo] デバッグ：マイページへ遷移します
[03-Jan-2021 21:07:31 Asia/Tokyo] デバッグ：ログイン済ユーザーです
[03-Jan-2021 21:07:31 Asia/Tokyo] デバッグ：ログイン有効期限以内です
[03-Jan-2021 21:07:31 Asia/Tokyo] デバッグ：マイページへ遷移します
[03-Jan-2021 21:07:31 Asia/Tokyo] デバッグ：ログイン済ユーザーです
[03-Jan-2021 21:07:31 Asia/Tokyo] デバッグ：ログイン有効期限以内です
[03-Jan-2021 21:07:31 Asia/Tokyo] デバッグ：マイページへ遷移します
[03-Jan-2021 21:07:31 Asia/Tokyo] デバッグ：ログイン済ユーザーです
[03-Jan-2021 21:07:31 Asia/Tokyo] デバッグ：ログイン有効期限以内です
[03-Jan-2021 21:07:31 Asia/Tokyo] デバッグ：マイページへ遷移します
[03-Jan-2021 21:07:31 Asia/Tokyo] デバッグ：ログイン済ユーザーです
[03-Jan-2021 21:07:31 Asia/Tokyo] デバッグ：ログイン有効期限以内です
[03-Jan-2021 21:07:31 Asia/Tokyo] デバッグ：マイページへ遷移します
[03-Jan-2021 21:07:31 Asia/Tokyo] デバッグ：ログイン済ユーザーです
[03-Jan-2021 21:07:31 Asia/Tokyo] デバッグ：ログイン有効期限以内です
[03-Jan-2021 21:07:31 Asia/Tokyo] デバッグ：マイページへ遷移します
[03-Jan-2021 21:07:31 Asia/Tokyo] デバッグ：ログイン済ユーザーです
[03-Jan-2021 21:07:31 Asia/Tokyo] デバッグ：ログイン有効期限以内です
[03-Jan-2021 21:07:31 Asia/Tokyo] デバッグ：マイページへ遷移します
[03-Jan-2021 21:07:31 Asia/Tokyo] デバッグ：ログイン済ユーザーです
[03-Jan-2021 21:07:31 Asia/Tokyo] デバッグ：ログイン有効期限以内です
[03-Jan-2021 21:07:31 Asia/Tokyo] デバッグ：マイページへ遷移します
[03-Jan-2021 21:07:31 Asia/Tokyo] デバッグ：ログイン済ユーザーです
[03-Jan-2021 21:07:31 Asia/Tokyo] デバッグ：ログイン有効期限以内です
[03-Jan-2021 21:07:31 Asia/Tokyo] デバッグ：マイページへ遷移します
[03-Jan-2021 21:07:31 Asia/Tokyo] デバッグ：ログイン済ユーザーです
[03-Jan-2021 21:07:31 Asia/Tokyo] デバッグ：ログイン有効期限以内です
[03-Jan-2021 21:07:31 Asia/Tokyo] デバッグ：マイページへ遷移します
[03-Jan-2021 21:07:31 Asia/Tokyo] デバッグ：ログイン済ユーザーです
[03-Jan-2021 21:07:31 Asia/Tokyo] デバッグ：ログイン有効期限以内です
[03-Jan-2021 21:07:31 Asia/Tokyo] デバッグ：マイページへ遷移します
[03-Jan-2021 21:07:31 Asia/Tokyo] デバッグ：ログイン済ユーザーです
[03-Jan-2021 21:07:31 Asia/Tokyo] デバッグ：ログイン有効期限以内です
[03-Jan-2021 21:07:31 Asia/Tokyo] デバッグ：マイページへ遷移します
[03-Jan-2021 21:07:31 Asia/Tokyo] デバッグ：ログイン済ユーザーです
[03-Jan-2021 21:07:31 Asia/Tokyo] デバッグ：ログイン有効期限以内です
[03-Jan-2021 21:07:31 Asia/Tokyo] デバッグ：マイページへ遷移します
[03-Jan-2021 21:07:31 Asia/Tokyo] デバッグ：ログイン済ユーザーです
[03-Jan-2021 21:07:31 Asia/Tokyo] デバッグ：ログイン有効期限以内です
[03-Jan-2021 21:07:31 Asia/Tokyo] デバッグ：マイページへ遷移します
[03-Jan-2021 21:07:31 Asia/Tokyo] デバッグ：ログイン済ユーザーです
[03-Jan-2021 21:07:31 Asia/Tokyo] デバッグ：ログイン有効期限以内です
[03-Jan-2021 21:07:31 Asia/Tokyo] デバッグ：マイページへ遷移します
[03-Jan-2021 21:07:31 Asia/Tokyo] デバッグ：ログイン済ユーザーです
[03-Jan-2021 21:07:31 Asia/Tokyo] デバッグ：ログイン有効期限以内です
[03-Jan-2021 21:07:31 Asia/Tokyo] デバッグ：マイページへ遷移します
[03-Jan-2021 21:07:31 Asia/Tokyo] デバッグ：ログイン済ユーザーです
[03-Jan-2021 21:07:31 Asia/Tokyo] デバッグ：ログイン有効期限以内です
[03-Jan-2021 21:07:31 Asia/Tokyo] デバッグ：マイページへ遷移します
[03-Jan-2021 21:07:36 Asia/Tokyo] デバッグ：ログイン済ユーザーです
[03-Jan-2021 21:07:36 Asia/Tokyo] デバッグ：ログイン有効期限以内です
[03-Jan-2021 21:07:36 Asia/Tokyo] デバッグ：マイページへ遷移します
[03-Jan-2021 21:07:36 Asia/Tokyo] デバッグ：ログイン済ユーザーです
[03-Jan-2021 21:07:36 Asia/Tokyo] デバッグ：ログイン有効期限以内です
[03-Jan-2021 21:07:36 Asia/Tokyo] デバッグ：マイページへ遷移します
[03-Jan-2021 21:07:36 Asia/Tokyo] デバッグ：ログイン済ユーザーです
[03-Jan-2021 21:07:36 Asia/Tokyo] デバッグ：ログイン有効期限以内です
[03-Jan-2021 21:07:36 Asia/Tokyo] デバッグ：マイページへ遷移します
[03-Jan-2021 21:07:36 Asia/Tokyo] デバッグ：ログイン済ユーザーです
[03-Jan-2021 21:07:36 Asia/Tokyo] デバッグ：ログイン有効期限以内です
[03-Jan-2021 21:07:36 Asia/Tokyo] デバッグ：マイページへ遷移します
[03-Jan-2021 21:07:36 Asia/Tokyo] デバッグ：ログイン済ユーザーです
[03-Jan-2021 21:07:36 Asia/Tokyo] デバッグ：ログイン有効期限以内です
[03-Jan-2021 21:07:36 Asia/Tokyo] デバッグ：マイページへ遷移します
[03-Jan-2021 21:07:36 Asia/Tokyo] デバッグ：ログイン済ユーザーです
[03-Jan-2021 21:07:36 Asia/Tokyo] デバッグ：ログイン有効期限以内です
[03-Jan-2021 21:07:36 Asia/Tokyo] デバッグ：マイページへ遷移します
[03-Jan-2021 21:07:36 Asia/Tokyo] デバッグ：ログイン済ユーザーです
[03-Jan-2021 21:07:36 Asia/Tokyo] デバッグ：ログイン有効期限以内です
[03-Jan-2021 21:07:36 Asia/Tokyo] デバッグ：マイページへ遷移します
[03-Jan-2021 21:07:36 Asia/Tokyo] デバッグ：ログイン済ユーザーです
[03-Jan-2021 21:07:36 Asia/Tokyo] デバッグ：ログイン有効期限以内です
[03-Jan-2021 21:07:36 Asia/Tokyo] デバッグ：マイページへ遷移します
[03-Jan-2021 21:07:36 Asia/Tokyo] デバッグ：ログイン済ユーザーです
[03-Jan-2021 21:07:36 Asia/Tokyo] デバッグ：ログイン有効期限以内です
[03-Jan-2021 21:07:36 Asia/Tokyo] デバッグ：マイページへ遷移します
[03-Jan-2021 21:07:36 Asia/Tokyo] デバッグ：ログイン済ユーザーです
[03-Jan-2021 21:07:36 Asia/Tokyo] デバッグ：ログイン有効期限以内です
[03-Jan-2021 21:07:36 Asia/Tokyo] デバッグ：マイページへ遷移します
[03-Jan-2021 21:07:36 Asia/Tokyo] デバッグ：ログイン済ユーザーです
[03-Jan-2021 21:07:36 Asia/Tokyo] デバッグ：ログイン有効期限以内です
[03-Jan-2021 21:07:36 Asia/Tokyo] デバッグ：マイページへ遷移します
[03-Jan-2021 21:07:36 Asia/Tokyo] デバッグ：ログイン済ユーザーです
[03-Jan-2021 21:07:36 Asia/Tokyo] デバッグ：ログイン有効期限以内です
[03-Jan-2021 21:07:36 Asia/Tokyo] デバッグ：マイページへ遷移します
[03-Jan-2021 21:07:36 Asia/Tokyo] デバッグ：ログイン済ユーザーです
[03-Jan-2021 21:07:36 Asia/Tokyo] デバッグ：ログイン有効期限以内です
[03-Jan-2021 21:07:36 Asia/Tokyo] デバッグ：マイページへ遷移します
[03-Jan-2021 21:07:36 Asia/Tokyo] デバッグ：ログイン済ユーザーです
[03-Jan-2021 21:07:36 Asia/Tokyo] デバッグ：ログイン有効期限以内です
[03-Jan-2021 21:07:36 Asia/Tokyo] デバッグ：マイページへ遷移します
[03-Jan-2021 21:07:36 Asia/Tokyo] デバッグ：ログイン済ユーザーです
[03-Jan-2021 21:07:36 Asia/Tokyo] デバッグ：ログイン有効期限以内です
[03-Jan-2021 21:07:36 Asia/Tokyo] デバッグ：マイページへ遷移します
[03-Jan-2021 21:07:36 Asia/Tokyo] デバッグ：ログイン済ユーザーです
[03-Jan-2021 21:07:36 Asia/Tokyo] デバッグ：ログイン有効期限以内です
[03-Jan-2021 21:07:36 Asia/Tokyo] デバッグ：マイページへ遷移します
[03-Jan-2021 21:07:36 Asia/Tokyo] デバッグ：ログイン済ユーザーです
[03-Jan-2021 21:07:36 Asia/Tokyo] デバッグ：ログイン有効期限以内です
[03-Jan-2021 21:07:36 Asia/Tokyo] デバッグ：マイページへ遷移します
[03-Jan-2021 21:07:36 Asia/Tokyo] デバッグ：ログイン済ユーザーです
[03-Jan-2021 21:07:36 Asia/Tokyo] デバッグ：ログイン有効期限以内です
[03-Jan-2021 21:07:36 Asia/Tokyo] デバッグ：マイページへ遷移します
[03-Jan-2021 21:07:36 Asia/Tokyo] デバッグ：ログイン済ユーザーです
[03-Jan-2021 21:07:36 Asia/Tokyo] デバッグ：ログイン有効期限以内です
[03-Jan-2021 21:07:36 Asia/Tokyo] デバッグ：マイページへ遷移します
[03-Jan-2021 21:07:36 Asia/Tokyo] デバッグ：ログイン済ユーザーです
[03-Jan-2021 21:07:36 Asia/Tokyo] デバッグ：ログイン有効期限以内です
[03-Jan-2021 21:07:36 Asia/Tokyo] デバッグ：マイページへ遷移します
[03-Jan-2021 21:08:06 Asia/Tokyo] デバッグ：ログイン済ユーザーです
[03-Jan-2021 21:08:06 Asia/Tokyo] デバッグ：ログイン有効期限以内です
[03-Jan-2021 21:08:06 Asia/Tokyo] デバッグ：マイページへ遷移します
[03-Jan-2021 21:08:06 Asia/Tokyo] デバッグ：ログイン済ユーザーです
[03-Jan-2021 21:08:06 Asia/Tokyo] デバッグ：ログイン有効期限以内です
[03-Jan-2021 21:08:06 Asia/Tokyo] デバッグ：マイページへ遷移します
[03-Jan-2021 21:08:06 Asia/Tokyo] デバッグ：ログイン済ユーザーです
[03-Jan-2021 21:08:06 Asia/Tokyo] デバッグ：ログイン有効期限以内です
[03-Jan-2021 21:08:06 Asia/Tokyo] デバッグ：マイページへ遷移します
[03-Jan-2021 21:08:06 Asia/Tokyo] デバッグ：ログイン済ユーザーです
[03-Jan-2021 21:08:06 Asia/Tokyo] デバッグ：ログイン有効期限以内です
[03-Jan-2021 21:08:06 Asia/Tokyo] デバッグ：マイページへ遷移します
[03-Jan-2021 21:08:06 Asia/Tokyo] デバッグ：ログイン済ユーザーです
[03-Jan-2021 21:08:06 Asia/Tokyo] デバッグ：ログイン有効期限以内です
[03-Jan-2021 21:08:06 Asia/Tokyo] デバッグ：マイページへ遷移します
[03-Jan-2021 21:08:06 Asia/Tokyo] デバッグ：ログイン済ユーザーです
[03-Jan-2021 21:08:06 Asia/Tokyo] デバッグ：ログイン有効期限以内です
[03-Jan-2021 21:08:06 Asia/Tokyo] デバッグ：マイページへ遷移します
[03-Jan-2021 21:08:06 Asia/Tokyo] デバッグ：ログイン済ユーザーです
[03-Jan-2021 21:08:06 Asia/Tokyo] デバッグ：ログイン有効期限以内です
[03-Jan-2021 21:08:06 Asia/Tokyo] デバッグ：マイページへ遷移します
[03-Jan-2021 21:08:06 Asia/Tokyo] デバッグ：ログイン済ユーザーです
[03-Jan-2021 21:08:06 Asia/Tokyo] デバッグ：ログイン有効期限以内です
[03-Jan-2021 21:08:06 Asia/Tokyo] デバッグ：マイページへ遷移します
[03-Jan-2021 21:08:06 Asia/Tokyo] デバッグ：ログイン済ユーザーです
[03-Jan-2021 21:08:06 Asia/Tokyo] デバッグ：ログイン有効期限以内です
[03-Jan-2021 21:08:06 Asia/Tokyo] デバッグ：マイページへ遷移します
[03-Jan-2021 21:08:06 Asia/Tokyo] デバッグ：ログイン済ユーザーです
[03-Jan-2021 21:08:06 Asia/Tokyo] デバッグ：ログイン有効期限以内です
[03-Jan-2021 21:08:06 Asia/Tokyo] デバッグ：マイページへ遷移します
[03-Jan-2021 21:08:06 Asia/Tokyo] デバッグ：ログイン済ユーザーです
[03-Jan-2021 21:08:06 Asia/Tokyo] デバッグ：ログイン有効期限以内です
[03-Jan-2021 21:08:06 Asia/Tokyo] デバッグ：マイページへ遷移します
[03-Jan-2021 21:08:06 Asia/Tokyo] デバッグ：ログイン済ユーザーです
[03-Jan-2021 21:08:06 Asia/Tokyo] デバッグ：ログイン有効期限以内です
[03-Jan-2021 21:08:06 Asia/Tokyo] デバッグ：マイページへ遷移します
[03-Jan-2021 21:08:06 Asia/Tokyo] デバッグ：ログイン済ユーザーです
[03-Jan-2021 21:08:06 Asia/Tokyo] デバッグ：ログイン有効期限以内です
[03-Jan-2021 21:08:06 Asia/Tokyo] デバッグ：マイページへ遷移します
[03-Jan-2021 21:08:06 Asia/Tokyo] デバッグ：ログイン済ユーザーです
[03-Jan-2021 21:08:06 Asia/Tokyo] デバッグ：ログイン有効期限以内です
[03-Jan-2021 21:08:06 Asia/Tokyo] デバッグ：マイページへ遷移します
[03-Jan-2021 21:08:06 Asia/Tokyo] デバッグ：ログイン済ユーザーです
[03-Jan-2021 21:08:06 Asia/Tokyo] デバッグ：ログイン有効期限以内です
[03-Jan-2021 21:08:06 Asia/Tokyo] デバッグ：マイページへ遷移します
[03-Jan-2021 21:08:06 Asia/Tokyo] デバッグ：ログイン済ユーザーです
[03-Jan-2021 21:08:06 Asia/Tokyo] デバッグ：ログイン有効期限以内です
[03-Jan-2021 21:08:06 Asia/Tokyo] デバッグ：マイページへ遷移します
[03-Jan-2021 21:08:06 Asia/Tokyo] デバッグ：ログイン済ユーザーです
[03-Jan-2021 21:08:06 Asia/Tokyo] デバッグ：ログイン有効期限以内です
[03-Jan-2021 21:08:06 Asia/Tokyo] デバッグ：マイページへ遷移します
[03-Jan-2021 21:08:06 Asia/Tokyo] デバッグ：ログイン済ユーザーです
[03-Jan-2021 21:08:06 Asia/Tokyo] デバッグ：ログイン有効期限以内です
[03-Jan-2021 21:08:06 Asia/Tokyo] デバッグ：マイページへ遷移します
[03-Jan-2021 21:08:06 Asia/Tokyo] デバッグ：ログイン済ユーザーです
[03-Jan-2021 21:08:06 Asia/Tokyo] デバッグ：ログイン有効期限以内です
[03-Jan-2021 21:08:06 Asia/Tokyo] デバッグ：マイページへ遷移します
[03-Jan-2021 21:08:06 Asia/Tokyo] デバッグ：ログイン済ユーザーです
[03-Jan-2021 21:08:06 Asia/Tokyo] デバッグ：ログイン有効期限以内です
[03-Jan-2021 21:08:06 Asia/Tokyo] デバッグ：マイページへ遷移します
[03-Jan-2021 21:09:06 Asia/Tokyo] デバッグ：ログイン済ユーザーです
[03-Jan-2021 21:09:06 Asia/Tokyo] デバッグ：ログイン有効期限以内です
[03-Jan-2021 21:09:06 Asia/Tokyo] デバッグ：マイページへ遷移します
[03-Jan-2021 21:09:06 Asia/Tokyo] デバッグ：ログイン済ユーザーです
[03-Jan-2021 21:09:06 Asia/Tokyo] デバッグ：ログイン有効期限以内です
[03-Jan-2021 21:09:06 Asia/Tokyo] デバッグ：マイページへ遷移します
[03-Jan-2021 21:09:06 Asia/Tokyo] デバッグ：ログイン済ユーザーです
[03-Jan-2021 21:09:06 Asia/Tokyo] デバッグ：ログイン有効期限以内です
[03-Jan-2021 21:09:06 Asia/Tokyo] デバッグ：マイページへ遷移します
[03-Jan-2021 21:09:06 Asia/Tokyo] デバッグ：ログイン済ユーザーです
[03-Jan-2021 21:09:06 Asia/Tokyo] デバッグ：ログイン有効期限以内です
[03-Jan-2021 21:09:06 Asia/Tokyo] デバッグ：マイページへ遷移します
[03-Jan-2021 21:09:06 Asia/Tokyo] デバッグ：ログイン済ユーザーです
[03-Jan-2021 21:09:06 Asia/Tokyo] デバッグ：ログイン有効期限以内です
[03-Jan-2021 21:09:06 Asia/Tokyo] デバッグ：マイページへ遷移します
[03-Jan-2021 21:09:06 Asia/Tokyo] デバッグ：ログイン済ユーザーです
[03-Jan-2021 21:09:06 Asia/Tokyo] デバッグ：ログイン有効期限以内です
[03-Jan-2021 21:09:06 Asia/Tokyo] デバッグ：マイページへ遷移します
[03-Jan-2021 21:09:06 Asia/Tokyo] デバッグ：ログイン済ユーザーです
[03-Jan-2021 21:09:06 Asia/Tokyo] デバッグ：ログイン有効期限以内です
[03-Jan-2021 21:09:06 Asia/Tokyo] デバッグ：マイページへ遷移します
[03-Jan-2021 21:09:06 Asia/Tokyo] デバッグ：ログイン済ユーザーです
[03-Jan-2021 21:09:07 Asia/Tokyo] デバッグ：ログイン有効期限以内です
[03-Jan-2021 21:09:07 Asia/Tokyo] デバッグ：マイページへ遷移します
[03-Jan-2021 21:09:07 Asia/Tokyo] デバッグ：ログイン済ユーザーです
[03-Jan-2021 21:09:07 Asia/Tokyo] デバッグ：ログイン有効期限以内です
[03-Jan-2021 21:09:07 Asia/Tokyo] デバッグ：マイページへ遷移します
[03-Jan-2021 21:09:07 Asia/Tokyo] デバッグ：ログイン済ユーザーです
[03-Jan-2021 21:09:07 Asia/Tokyo] デバッグ：ログイン有効期限以内です
[03-Jan-2021 21:09:07 Asia/Tokyo] デバッグ：マイページへ遷移します
[03-Jan-2021 21:09:07 Asia/Tokyo] デバッグ：ログイン済ユーザーです
[03-Jan-2021 21:09:07 Asia/Tokyo] デバッグ：ログイン有効期限以内です
[03-Jan-2021 21:09:07 Asia/Tokyo] デバッグ：マイページへ遷移します
[03-Jan-2021 21:09:07 Asia/Tokyo] デバッグ：ログイン済ユーザーです
[03-Jan-2021 21:09:07 Asia/Tokyo] デバッグ：ログイン有効期限以内です
[03-Jan-2021 21:09:07 Asia/Tokyo] デバッグ：マイページへ遷移します
[03-Jan-2021 21:09:07 Asia/Tokyo] デバッグ：ログイン済ユーザーです
[03-Jan-2021 21:09:07 Asia/Tokyo] デバッグ：ログイン有効期限以内です
[03-Jan-2021 21:09:07 Asia/Tokyo] デバッグ：マイページへ遷移します
[03-Jan-2021 21:09:07 Asia/Tokyo] デバッグ：ログイン済ユーザーです
[03-Jan-2021 21:09:07 Asia/Tokyo] デバッグ：ログイン有効期限以内です
[03-Jan-2021 21:09:07 Asia/Tokyo] デバッグ：マイページへ遷移します
[03-Jan-2021 21:09:07 Asia/Tokyo] デバッグ：ログイン済ユーザーです
[03-Jan-2021 21:09:07 Asia/Tokyo] デバッグ：ログイン有効期限以内です
[03-Jan-2021 21:09:07 Asia/Tokyo] デバッグ：マイページへ遷移します
[03-Jan-2021 21:09:07 Asia/Tokyo] デバッグ：ログイン済ユーザーです
[03-Jan-2021 21:09:07 Asia/Tokyo] デバッグ：ログイン有効期限以内です
[03-Jan-2021 21:09:07 Asia/Tokyo] デバッグ：マイページへ遷移します
[03-Jan-2021 21:09:07 Asia/Tokyo] デバッグ：ログイン済ユーザーです
[03-Jan-2021 21:09:07 Asia/Tokyo] デバッグ：ログイン有効期限以内です
[03-Jan-2021 21:09:07 Asia/Tokyo] デバッグ：マイページへ遷移します
[03-Jan-2021 21:09:07 Asia/Tokyo] デバッグ：ログイン済ユーザーです
[03-Jan-2021 21:09:07 Asia/Tokyo] デバッグ：ログイン有効期限以内です
[03-Jan-2021 21:09:07 Asia/Tokyo] デバッグ：マイページへ遷移します
[03-Jan-2021 21:09:07 Asia/Tokyo] デバッグ：ログイン済ユーザーです
[03-Jan-2021 21:09:07 Asia/Tokyo] デバッグ：ログイン有効期限以内です
[03-Jan-2021 21:09:07 Asia/Tokyo] デバッグ：マイページへ遷移します
[03-Jan-2021 21:09:07 Asia/Tokyo] デバッグ：ログイン済ユーザーです
[03-Jan-2021 21:09:07 Asia/Tokyo] デバッグ：ログイン有効期限以内です
[03-Jan-2021 21:09:07 Asia/Tokyo] デバッグ：マイページへ遷移します
[03-Jan-2021 21:17:35 Asia/Tokyo] デバッグ：ログイン済ユーザーです
[03-Jan-2021 21:17:35 Asia/Tokyo] デバッグ：ログイン有効期限以内です
[03-Jan-2021 21:18:31 Asia/Tokyo] デバッグ：ログイン済ユーザーです
[03-Jan-2021 21:18:31 Asia/Tokyo] デバッグ：ログイン有効期限以内です
[03-Jan-2021 21:18:31 Asia/Tokyo] デバッグ：マイページへ遷移します
[03-Jan-2021 21:18:31 Asia/Tokyo] デバッグ：Login Page.
[03-Jan-2021 21:18:31 Asia/Tokyo] デバッグ：*********************************** 描画処理開始
[03-Jan-2021 21:18:31 Asia/Tokyo] デバッグ：セッションID：ufip713alh058jteshhq1blfhk
[03-Jan-2021 21:18:31 Asia/Tokyo] デバッグ：セッション変数の中身：Array
(
    [login_date] => 1609676311
    [login_limit] => 2592000
    [user_id] => 1
)

[03-Jan-2021 21:18:31 Asia/Tokyo] デバッグ：現在日時タイムスタンプ：1609676311
[03-Jan-2021 21:18:31 Asia/Tokyo] デバッグ：ログイン期日日時タイムスタンプ：1612268311
[03-Jan-2021 21:18:31 Asia/Tokyo] デバッグ：ログイン済ユーザーです
[03-Jan-2021 21:18:31 Asia/Tokyo] デバッグ：ログイン有効期限以内です
[03-Jan-2021 21:18:37 Asia/Tokyo] デバッグ：ログイン済ユーザーです
[03-Jan-2021 21:18:37 Asia/Tokyo] デバッグ：ログイン有効期限以内です
[03-Jan-2021 21:18:37 Asia/Tokyo] デバッグ：マイページへ遷移します
[03-Jan-2021 21:18:37 Asia/Tokyo] デバッグ：Login Page.
[03-Jan-2021 21:18:37 Asia/Tokyo] デバッグ：*********************************** 描画処理開始
[03-Jan-2021 21:18:37 Asia/Tokyo] デバッグ：セッションID：l6jqcn3of67m9kr5qrobabc8bb
[03-Jan-2021 21:18:37 Asia/Tokyo] デバッグ：セッション変数の中身：Array
(
    [login_date] => 1609676317
    [login_limit] => 2592000
    [user_id] => 1
)

[03-Jan-2021 21:18:37 Asia/Tokyo] デバッグ：現在日時タイムスタンプ：1609676317
[03-Jan-2021 21:18:37 Asia/Tokyo] デバッグ：ログイン期日日時タイムスタンプ：1612268317
[03-Jan-2021 21:18:37 Asia/Tokyo] デバッグ：ログイン済ユーザーです
[03-Jan-2021 21:18:37 Asia/Tokyo] デバッグ：ログイン有効期限以内です
[03-Jan-2021 21:21:14 Asia/Tokyo] デバッグ：ログイン済ユーザーです
[03-Jan-2021 21:21:14 Asia/Tokyo] デバッグ：ログイン有効期限以内です
[03-Jan-2021 21:21:36 Asia/Tokyo] デバッグ：ログイン済ユーザーです
[03-Jan-2021 21:21:36 Asia/Tokyo] デバッグ：ログイン有効期限以内です
[03-Jan-2021 21:21:36 Asia/Tokyo] デバッグ：マイページへ遷移します
[03-Jan-2021 21:21:36 Asia/Tokyo] デバッグ：Login Page.
[03-Jan-2021 21:21:36 Asia/Tokyo] デバッグ：*********************************** 描画処理開始
[03-Jan-2021 21:21:36 Asia/Tokyo] デバッグ：セッションID：0jm30l0orpq9h2ns6bk67tpv6m
[03-Jan-2021 21:21:36 Asia/Tokyo] デバッグ：セッション変数の中身：Array
(
    [login_date] => 1609676496
    [login_limit] => 2592000
    [user_id] => 1
)

[03-Jan-2021 21:21:36 Asia/Tokyo] デバッグ：現在日時タイムスタンプ：1609676496
[03-Jan-2021 21:21:36 Asia/Tokyo] デバッグ：ログイン期日日時タイムスタンプ：1612268496
[03-Jan-2021 21:21:36 Asia/Tokyo] デバッグ：ログイン済ユーザーです
[03-Jan-2021 21:21:36 Asia/Tokyo] デバッグ：ログイン有効期限以内です
[03-Jan-2021 21:21:38 Asia/Tokyo] デバッグ：ログイン済ユーザーです
[03-Jan-2021 21:21:38 Asia/Tokyo] デバッグ：ログイン有効期限以内です
[03-Jan-2021 21:21:39 Asia/Tokyo] デバッグ：ログイン済ユーザーです
[03-Jan-2021 21:21:39 Asia/Tokyo] デバッグ：ログイン有効期限以内です
[03-Jan-2021 21:22:15 Asia/Tokyo] デバッグ：ログイン済ユーザーです
[03-Jan-2021 21:22:15 Asia/Tokyo] デバッグ：ログイン有効期限以内です
[03-Jan-2021 21:22:32 Asia/Tokyo] デバッグ：未ログインユーザーです
[03-Jan-2021 21:22:32 Asia/Tokyo] デバッグ：未ログインユーザーです
[03-Jan-2021 21:22:32 Asia/Tokyo] デバッグ：Login Page.
[03-Jan-2021 21:22:32 Asia/Tokyo] デバッグ：*********************************** 描画処理開始
[03-Jan-2021 21:22:32 Asia/Tokyo] デバッグ：セッションID：dt425fn6i69435q2rqt1ka761c
[03-Jan-2021 21:22:32 Asia/Tokyo] デバッグ：セッション変数の中身：Array
(
)

[03-Jan-2021 21:22:32 Asia/Tokyo] デバッグ：現在日時タイムスタンプ：1609676552
[03-Jan-2021 21:22:36 Asia/Tokyo] デバッグ：未ログインユーザーです
[03-Jan-2021 21:22:36 Asia/Tokyo] デバッグ：Login Page.
[03-Jan-2021 21:22:36 Asia/Tokyo] デバッグ：*********************************** 描画処理開始
[03-Jan-2021 21:22:36 Asia/Tokyo] デバッグ：セッションID：0gpd538vgr1668k6gfglg5rtjm
[03-Jan-2021 21:22:36 Asia/Tokyo] デバッグ：セッション変数の中身：Array
(
)

[03-Jan-2021 21:22:36 Asia/Tokyo] デバッグ：現在日時タイムスタンプ：1609676556
[03-Jan-2021 21:22:40 Asia/Tokyo] デバッグ：未ログインユーザーです
[03-Jan-2021 21:22:40 Asia/Tokyo] デバッグ：Login Page.
[03-Jan-2021 21:22:40 Asia/Tokyo] デバッグ：*********************************** 描画処理開始
[03-Jan-2021 21:22:40 Asia/Tokyo] デバッグ：セッションID：ca0lv9crsl4j6lbefvqlm9r8kv
[03-Jan-2021 21:22:40 Asia/Tokyo] デバッグ：セッション変数の中身：Array
(
)

[03-Jan-2021 21:22:40 Asia/Tokyo] デバッグ：現在日時タイムスタンプ：1609676560
[03-Jan-2021 21:22:49 Asia/Tokyo] デバッグ：未ログインユーザーです
[03-Jan-2021 21:22:49 Asia/Tokyo] デバッグ：Login Page.
[03-Jan-2021 21:22:49 Asia/Tokyo] デバッグ：*********************************** 描画処理開始
[03-Jan-2021 21:22:49 Asia/Tokyo] デバッグ：セッションID：nvbpuk0h2og5sscs9mg67r68dn
[03-Jan-2021 21:22:49 Asia/Tokyo] デバッグ：セッション変数の中身：Array
(
)

[03-Jan-2021 21:22:49 Asia/Tokyo] デバッグ：現在日時タイムスタンプ：1609676569
[03-Jan-2021 21:22:49 Asia/Tokyo] デバッグ：POST送信があります
[03-Jan-2021 21:22:49 Asia/Tokyo] デバッグ：バリデーションチェックOK
[03-Jan-2021 21:22:49 Asia/Tokyo] デバッグ：クエリ結果の中身：Array
(
    [password] => $2y$10$ZhEw56Hpua9idFtKN6mXiu09gFzGsur7TC3BmK4.FNMYMaa9ltWPu
    [id] => 1
)

[03-Jan-2021 21:22:49 Asia/Tokyo] デバッグ：パスワードがマッチしました
[03-Jan-2021 21:22:49 Asia/Tokyo] デバッグ：ログイン保持にチェックはありません
[03-Jan-2021 21:22:49 Asia/Tokyo] デバッグ：セッション変数の中身：Array
(
    [login_date] => 1609676569
    [login_limit] => 3600
    [user_id] => 1
)

[03-Jan-2021 21:22:49 Asia/Tokyo] デバッグ：マイページへ遷移します
[03-Jan-2021 21:22:49 Asia/Tokyo] デバッグ：ログイン済ユーザーです
[03-Jan-2021 21:22:49 Asia/Tokyo] デバッグ：ログイン有効期限以内です
[03-Jan-2021 21:27:30 Asia/Tokyo] デバッグ：ログイン済ユーザーです
[03-Jan-2021 21:27:30 Asia/Tokyo] デバッグ：ログイン有効期限以内です
[03-Jan-2021 21:30:22 Asia/Tokyo] デバッグ：ログイン済ユーザーです
[03-Jan-2021 21:30:22 Asia/Tokyo] デバッグ：ログイン有効期限以内です
[03-Jan-2021 21:45:07 Asia/Tokyo] デバッグ：ログイン済ユーザーです
[03-Jan-2021 21:45:07 Asia/Tokyo] デバッグ：ログイン有効期限以内です
[03-Jan-2021 22:01:53 Asia/Tokyo] デバッグ：ログイン済ユーザーです
[03-Jan-2021 22:01:53 Asia/Tokyo] デバッグ：ログイン有効期限以内です
[03-Jan-2021 22:01:54 Asia/Tokyo] デバッグ：ログイン済ユーザーです
[03-Jan-2021 22:01:54 Asia/Tokyo] デバッグ：ログイン有効期限以内です
[03-Jan-2021 22:01:55 Asia/Tokyo] デバッグ：ログイン済ユーザーです
[03-Jan-2021 22:01:55 Asia/Tokyo] デバッグ：ログイン有効期限以内です
[03-Jan-2021 22:01:57 Asia/Tokyo] デバッグ：ログイン済ユーザーです
[03-Jan-2021 22:01:57 Asia/Tokyo] デバッグ：ログイン有効期限以内です
[03-Jan-2021 22:02:28 Asia/Tokyo] デバッグ：ログイン済ユーザーです
[03-Jan-2021 22:02:28 Asia/Tokyo] デバッグ：ログイン有効期限以内です
[03-Jan-2021 22:02:30 Asia/Tokyo] デバッグ：ログイン済ユーザーです
[03-Jan-2021 22:02:30 Asia/Tokyo] デバッグ：ログイン有効期限以内です
[03-Jan-2021 22:02:33 Asia/Tokyo] デバッグ：ログイン済ユーザーです
[03-Jan-2021 22:02:33 Asia/Tokyo] デバッグ：ログイン有効期限以内です
[03-Jan-2021 22:02:34 Asia/Tokyo] デバッグ：ログイン済ユーザーです
[03-Jan-2021 22:02:34 Asia/Tokyo] デバッグ：ログイン有効期限以内です
[03-Jan-2021 22:02:35 Asia/Tokyo] デバッグ：LogOut****************************
[03-Jan-2021 22:02:35 Asia/Tokyo] デバッグ：*********************************** 描画処理開始
[03-Jan-2021 22:02:35 Asia/Tokyo] デバッグ：セッションID：4h0e21petd0vtdh1omglsr5jg3
[03-Jan-2021 22:02:35 Asia/Tokyo] デバッグ：セッション変数の中身：Array
(
    [login_date] => 1609678954
    [login_limit] => 3600
    [user_id] => 1
)

[03-Jan-2021 22:02:35 Asia/Tokyo] デバッグ：現在日時タイムスタンプ：1609678955
[03-Jan-2021 22:02:35 Asia/Tokyo] デバッグ：ログイン期日日時タイムスタンプ：1609682554
[03-Jan-2021 22:02:35 Asia/Tokyo] デバッグ：ログアウトします
[03-Jan-2021 22:02:35 Asia/Tokyo] デバッグ：ログインページへ遷移します
[03-Jan-2021 22:02:35 Asia/Tokyo] デバッグ：未ログインユーザーです
[03-Jan-2021 22:02:35 Asia/Tokyo] デバッグ：Login Page.
[03-Jan-2021 22:02:35 Asia/Tokyo] デバッグ：*********************************** 描画処理開始
[03-Jan-2021 22:02:35 Asia/Tokyo] デバッグ：セッションID：8eb658isdc9o9fl07jv81865bh
[03-Jan-2021 22:02:35 Asia/Tokyo] デバッグ：セッション変数の中身：Array
(
)

[03-Jan-2021 22:02:35 Asia/Tokyo] デバッグ：現在日時タイムスタンプ：1609678955
[03-Jan-2021 22:12:30 Asia/Tokyo] デバッグ：未ログインユーザーです
[03-Jan-2021 22:12:30 Asia/Tokyo] デバッグ：Login Page.
[03-Jan-2021 22:12:30 Asia/Tokyo] デバッグ：*********************************** 描画処理開始
[03-Jan-2021 22:12:30 Asia/Tokyo] デバッグ：セッションID：5rsvcoeqgdu2v9hfo4mch71f3s
[03-Jan-2021 22:12:30 Asia/Tokyo] デバッグ：セッション変数の中身：Array
(
)

[03-Jan-2021 22:12:30 Asia/Tokyo] デバッグ：現在日時タイムスタンプ：1609679550
[03-Jan-2021 22:12:30 Asia/Tokyo] デバッグ：POST送信があります
[03-Jan-2021 22:12:31 Asia/Tokyo] デバッグ：バリデーションチェックOK
[03-Jan-2021 22:12:31 Asia/Tokyo] デバッグ：クエリ結果の中身：Array
(
    [password] => $2y$10$ZhEw56Hpua9idFtKN6mXiu09gFzGsur7TC3BmK4.FNMYMaa9ltWPu
    [id] => 1
)

[03-Jan-2021 22:12:31 Asia/Tokyo] デバッグ：パスワードがマッチしました
[03-Jan-2021 22:12:31 Asia/Tokyo] デバッグ：ログイン保持にチェックはありません
[03-Jan-2021 22:12:31 Asia/Tokyo] デバッグ：セッション変数の中身：Array
(
    [login_date] => 1609679551
    [login_limit] => 3600
    [user_id] => 1
)

[03-Jan-2021 22:12:31 Asia/Tokyo] デバッグ：マイページへ遷移します
[03-Jan-2021 22:12:31 Asia/Tokyo] デバッグ：ログイン済ユーザーです
[03-Jan-2021 22:12:31 Asia/Tokyo] デバッグ：ログイン有効期限以内です
[03-Jan-2021 22:14:08 Asia/Tokyo] デバッグ：ログイン済ユーザーです
[03-Jan-2021 22:14:08 Asia/Tokyo] デバッグ：ログイン有効期限以内です
[03-Jan-2021 22:14:09 Asia/Tokyo] デバッグ：ログイン済ユーザーです
[03-Jan-2021 22:14:09 Asia/Tokyo] デバッグ：ログイン有効期限以内です
[03-Jan-2021 22:16:24 Asia/Tokyo] デバッグ：ログイン済ユーザーです
[03-Jan-2021 22:16:24 Asia/Tokyo] デバッグ：ログイン有効期限以内です
[03-Jan-2021 22:18:17 Asia/Tokyo] デバッグ：ログイン済ユーザーです
[03-Jan-2021 22:18:17 Asia/Tokyo] デバッグ：ログイン有効期限以内です
[03-Jan-2021 22:44:23 Asia/Tokyo] デバッグ：ログイン済ユーザーです
[03-Jan-2021 22:44:23 Asia/Tokyo] デバッグ：ログイン有効期限以内です
[03-Jan-2021 22:44:48 Asia/Tokyo] デバッグ：ログイン済ユーザーです
[03-Jan-2021 22:44:48 Asia/Tokyo] デバッグ：ログイン有効期限以内です
[03-Jan-2021 22:45:29 Asia/Tokyo] デバッグ：ログイン済ユーザーです
[03-Jan-2021 22:45:29 Asia/Tokyo] デバッグ：ログイン有効期限以内です
[03-Jan-2021 22:45:58 Asia/Tokyo] デバッグ：ログイン済ユーザーです
[03-Jan-2021 22:45:58 Asia/Tokyo] デバッグ：ログイン有効期限以内です
[03-Jan-2021 22:52:48 Asia/Tokyo] デバッグ：ログイン済ユーザーです
[03-Jan-2021 22:52:48 Asia/Tokyo] デバッグ：ログイン有効期限以内です
[03-Jan-2021 22:52:59 Asia/Tokyo] デバッグ：ログイン済ユーザーです
[03-Jan-2021 22:52:59 Asia/Tokyo] デバッグ：ログイン有効期限以内です
[03-Jan-2021 22:53:21 Asia/Tokyo] デバッグ：ログイン済ユーザーです
[03-Jan-2021 22:53:21 Asia/Tokyo] デバッグ：ログイン有効期限以内です
[03-Jan-2021 22:53:33 Asia/Tokyo] デバッグ：ログイン済ユーザーです
[03-Jan-2021 22:53:33 Asia/Tokyo] デバッグ：ログイン有効期限以内です
[03-Jan-2021 22:54:25 Asia/Tokyo] デバッグ：ログイン済ユーザーです
[03-Jan-2021 22:54:25 Asia/Tokyo] デバッグ：ログイン有効期限以内です
[03-Jan-2021 22:54:26 Asia/Tokyo] デバッグ：ログイン済ユーザーです
[03-Jan-2021 22:54:26 Asia/Tokyo] デバッグ：ログイン有効期限以内です
[03-Jan-2021 22:54:27 Asia/Tokyo] デバッグ：ログイン済ユーザーです
[03-Jan-2021 22:54:27 Asia/Tokyo] デバッグ：ログイン有効期限以内です
[03-Jan-2021 22:54:29 Asia/Tokyo] デバッグ：ログイン済ユーザーです
[03-Jan-2021 22:54:29 Asia/Tokyo] デバッグ：ログイン有効期限以内です
[03-Jan-2021 22:54:33 Asia/Tokyo] デバッグ：ログイン済ユーザーです
[03-Jan-2021 22:54:33 Asia/Tokyo] デバッグ：ログイン有効期限以内です
[03-Jan-2021 22:54:33 Asia/Tokyo] デバッグ：POST送信があります
[03-Jan-2021 22:54:33 Asia/Tokyo] エラー発生：SQLSTATE[42000]: Syntax error or access violation: 1064 You have an error in your SQL syntax; check the manual that corresponds to your MySQL server version for the right syntax to use near 'like SET delete_flg = 1 WHERE user_id = '1'' at line 1
[03-Jan-2021 22:58:16 Asia/Tokyo] デバッグ：ログイン済ユーザーです
[03-Jan-2021 22:58:16 Asia/Tokyo] デバッグ：ログイン有効期限以内です
[03-Jan-2021 22:58:16 Asia/Tokyo] デバッグ：POST送信があります
[03-Jan-2021 22:58:16 Asia/Tokyo] デバッグ：セッション変数の中身：1
[03-Jan-2021 22:58:16 Asia/Tokyo] デバッグ：トップページへ遷移します
[03-Jan-2021 22:58:16 Asia/Tokyo] デバッグ：未ログインユーザーです
[03-Jan-2021 22:58:16 Asia/Tokyo] デバッグ：未ログインユーザーです
[03-Jan-2021 22:58:16 Asia/Tokyo] デバッグ：Login Page.
[03-Jan-2021 22:58:16 Asia/Tokyo] デバッグ：*********************************** 描画処理開始
[03-Jan-2021 22:58:16 Asia/Tokyo] デバッグ：セッションID：g76fcmr6tmkur666ic5v2vcjk0
[03-Jan-2021 22:58:16 Asia/Tokyo] デバッグ：セッション変数の中身：Array
(
)

[03-Jan-2021 22:58:16 Asia/Tokyo] デバッグ：現在日時タイムスタンプ：1609682296
[03-Jan-2021 22:58:59 Asia/Tokyo] デバッグ：未ログインユーザーです
[03-Jan-2021 22:58:59 Asia/Tokyo] デバッグ：未ログインユーザーです
[03-Jan-2021 22:58:59 Asia/Tokyo] デバッグ：Login Page.
[03-Jan-2021 22:58:59 Asia/Tokyo] デバッグ：*********************************** 描画処理開始
[03-Jan-2021 22:58:59 Asia/Tokyo] デバッグ：セッションID：ufj6bach3nir90a2r5h2tr34qb
[03-Jan-2021 22:58:59 Asia/Tokyo] デバッグ：セッション変数の中身：Array
(
)

[03-Jan-2021 22:58:59 Asia/Tokyo] デバッグ：現在日時タイムスタンプ：1609682339
[03-Jan-2021 22:59:01 Asia/Tokyo] デバッグ：未ログインユーザーです
[03-Jan-2021 22:59:01 Asia/Tokyo] デバッグ：未ログインユーザーです
[03-Jan-2021 22:59:01 Asia/Tokyo] デバッグ：Login Page.
[03-Jan-2021 22:59:01 Asia/Tokyo] デバッグ：*********************************** 描画処理開始
[03-Jan-2021 22:59:01 Asia/Tokyo] デバッグ：セッションID：p27khgubqc9sucdjnvmsrbq2ug
[03-Jan-2021 22:59:01 Asia/Tokyo] デバッグ：セッション変数の中身：Array
(
)

[03-Jan-2021 22:59:01 Asia/Tokyo] デバッグ：現在日時タイムスタンプ：1609682341
[03-Jan-2021 23:04:28 Asia/Tokyo] デバッグ：未ログインユーザーです
[03-Jan-2021 23:04:28 Asia/Tokyo] デバッグ：未ログインユーザーです
[03-Jan-2021 23:04:28 Asia/Tokyo] デバッグ：Login Page.
[03-Jan-2021 23:04:28 Asia/Tokyo] デバッグ：*********************************** 描画処理開始
[03-Jan-2021 23:04:28 Asia/Tokyo] デバッグ：セッションID：69rmg8gkm1lnsetmqnqkqep0nr
[03-Jan-2021 23:04:28 Asia/Tokyo] デバッグ：セッション変数の中身：Array
(
)

[03-Jan-2021 23:04:28 Asia/Tokyo] デバッグ：現在日時タイムスタンプ：1609682668
[03-Jan-2021 23:05:50 Asia/Tokyo] デバッグ：未ログインユーザーです
[03-Jan-2021 23:05:50 Asia/Tokyo] デバッグ：Login Page.
[03-Jan-2021 23:05:50 Asia/Tokyo] デバッグ：*********************************** 描画処理開始
[03-Jan-2021 23:05:50 Asia/Tokyo] デバッグ：セッションID：kn73jevd77dtmm9mga19jdnrje
[03-Jan-2021 23:05:50 Asia/Tokyo] デバッグ：セッション変数の中身：Array
(
)

[03-Jan-2021 23:05:50 Asia/Tokyo] デバッグ：現在日時タイムスタンプ：1609682750
[03-Jan-2021 23:06:01 Asia/Tokyo] デバッグ：未ログインユーザーです
[03-Jan-2021 23:06:01 Asia/Tokyo] デバッグ：Login Page.
[03-Jan-2021 23:06:01 Asia/Tokyo] デバッグ：*********************************** 描画処理開始
[03-Jan-2021 23:06:01 Asia/Tokyo] デバッグ：セッションID：heo24r38uouc74l1gr7a1b2b4c
[03-Jan-2021 23:06:01 Asia/Tokyo] デバッグ：セッション変数の中身：Array
(
)

[03-Jan-2021 23:06:01 Asia/Tokyo] デバッグ：現在日時タイムスタンプ：1609682761
[03-Jan-2021 23:06:01 Asia/Tokyo] デバッグ：POST送信があります
[03-Jan-2021 23:06:01 Asia/Tokyo] デバッグ：バリデーションチェックOK
[03-Jan-2021 23:06:01 Asia/Tokyo] デバッグ：クエリ結果の中身：Array
(
    [password] => $2y$10$M2eVVxLwY1h4tQRZ00J0heHyhduSwFHlWx8WzrsuV1p2iXeA7xOcS
    [id] => 2
)

[03-Jan-2021 23:06:01 Asia/Tokyo] デバッグ：パスワードがマッチしました
[03-Jan-2021 23:06:01 Asia/Tokyo] デバッグ：ログイン保持にチェックはありません
[03-Jan-2021 23:06:01 Asia/Tokyo] デバッグ：セッション変数の中身：Array
(
    [login_date] => 1609682761
    [login_limit] => 3600
    [user_id] => 2
)

[03-Jan-2021 23:06:01 Asia/Tokyo] デバッグ：マイページへ遷移します
[03-Jan-2021 23:06:01 Asia/Tokyo] デバッグ：ログイン済ユーザーです
[03-Jan-2021 23:06:01 Asia/Tokyo] デバッグ：ログイン有効期限以内です
[03-Jan-2021 23:06:10 Asia/Tokyo] デバッグ：ログイン済ユーザーです
[03-Jan-2021 23:06:10 Asia/Tokyo] デバッグ：ログイン有効期限以内です
[03-Jan-2021 23:06:30 Asia/Tokyo] デバッグ：LogOut****************************
[03-Jan-2021 23:06:30 Asia/Tokyo] デバッグ：*********************************** 描画処理開始
[03-Jan-2021 23:06:30 Asia/Tokyo] デバッグ：セッションID：p577nr5t6ivp0rn04gaj28ecqp
[03-Jan-2021 23:06:30 Asia/Tokyo] デバッグ：セッション変数の中身：Array
(
    [login_date] => 1609682770
    [login_limit] => 3600
    [user_id] => 2
)

[03-Jan-2021 23:06:30 Asia/Tokyo] デバッグ：現在日時タイムスタンプ：1609682790
[03-Jan-2021 23:06:30 Asia/Tokyo] デバッグ：ログイン期日日時タイムスタンプ：1609686370
[03-Jan-2021 23:06:30 Asia/Tokyo] デバッグ：ログアウトします
[03-Jan-2021 23:06:30 Asia/Tokyo] デバッグ：ログインページへ遷移します
[03-Jan-2021 23:06:30 Asia/Tokyo] デバッグ：未ログインユーザーです
[03-Jan-2021 23:06:30 Asia/Tokyo] デバッグ：Login Page.
[03-Jan-2021 23:06:30 Asia/Tokyo] デバッグ：*********************************** 描画処理開始
[03-Jan-2021 23:06:30 Asia/Tokyo] デバッグ：セッションID：h9a2e52mjgt1snt64632tmnppn
[03-Jan-2021 23:06:30 Asia/Tokyo] デバッグ：セッション変数の中身：Array
(
)

[03-Jan-2021 23:06:30 Asia/Tokyo] デバッグ：現在日時タイムスタンプ：1609682790
[03-Jan-2021 23:06:47 Asia/Tokyo] デバッグ：セッション変数の中身：Array
(
    [login_date] => 1609682807
    [login_limit] => 3600
    [user_id] => 3
)

[03-Jan-2021 23:06:47 Asia/Tokyo] デバッグ：ログイン済ユーザーです
[03-Jan-2021 23:06:47 Asia/Tokyo] デバッグ：ログイン有効期限以内です
[03-Jan-2021 23:06:51 Asia/Tokyo] デバッグ：ログイン済ユーザーです
[03-Jan-2021 23:06:51 Asia/Tokyo] デバッグ：ログイン有効期限以内です
[03-Jan-2021 23:06:58 Asia/Tokyo] デバッグ：ログイン済ユーザーです
[03-Jan-2021 23:06:58 Asia/Tokyo] デバッグ：ログイン有効期限以内です
[03-Jan-2021 23:07:01 Asia/Tokyo] デバッグ：ログイン済ユーザーです
[03-Jan-2021 23:07:01 Asia/Tokyo] デバッグ：ログイン有効期限以内です
[03-Jan-2021 23:09:05 Asia/Tokyo] デバッグ：ログイン済ユーザーです
[03-Jan-2021 23:09:05 Asia/Tokyo] デバッグ：ログイン有効期限以内です
[03-Jan-2021 23:10:57 Asia/Tokyo] デバッグ：ログイン済ユーザーです
[03-Jan-2021 23:10:57 Asia/Tokyo] デバッグ：ログイン有効期限以内です
[03-Jan-2021 23:11:30 Asia/Tokyo] デバッグ：ログイン済ユーザーです
[03-Jan-2021 23:11:30 Asia/Tokyo] デバッグ：ログイン有効期限以内です
[03-Jan-2021 23:11:48 Asia/Tokyo] デバッグ：ログイン済ユーザーです
[03-Jan-2021 23:11:48 Asia/Tokyo] デバッグ：ログイン有効期限以内です
[03-Jan-2021 23:12:15 Asia/Tokyo] デバッグ：ログイン済ユーザーです
[03-Jan-2021 23:12:15 Asia/Tokyo] デバッグ：ログイン有効期限以内です
[03-Jan-2021 23:13:36 Asia/Tokyo] デバッグ：ログイン済ユーザーです
[03-Jan-2021 23:13:36 Asia/Tokyo] デバッグ：ログイン有効期限以内です
[03-Jan-2021 23:14:06 Asia/Tokyo] デバッグ：ログイン済ユーザーです
[03-Jan-2021 23:14:06 Asia/Tokyo] デバッグ：ログイン有効期限以内です
[04-Jan-2021 23:07:51 Asia/Tokyo] デバッグ：ログイン済ユーザーです
[04-Jan-2021 23:07:51 Asia/Tokyo] デバッグ：ログイン有効期限オーバーです
[04-Jan-2021 23:07:51 Asia/Tokyo] デバッグ：未ログインユーザーです
[04-Jan-2021 23:07:51 Asia/Tokyo] デバッグ：Login Page.
[04-Jan-2021 23:07:51 Asia/Tokyo] デバッグ：*********************************** 描画処理開始
[04-Jan-2021 23:07:51 Asia/Tokyo] デバッグ：セッションID：tsb6d3ttc4l0vjkhk6dooquopq
[04-Jan-2021 23:07:51 Asia/Tokyo] デバッグ：セッション変数の中身：Array
(
)

[04-Jan-2021 23:07:51 Asia/Tokyo] デバッグ：現在日時タイムスタンプ：1609769271
[04-Jan-2021 23:07:57 Asia/Tokyo] デバッグ：未ログインユーザーです
[04-Jan-2021 23:07:57 Asia/Tokyo] デバッグ：Login Page.
[04-Jan-2021 23:07:57 Asia/Tokyo] デバッグ：*********************************** 描画処理開始
[04-Jan-2021 23:07:57 Asia/Tokyo] デバッグ：セッションID：3r8t7e6p6mglp4tnfjrr4nmqto
[04-Jan-2021 23:07:57 Asia/Tokyo] デバッグ：セッション変数の中身：Array
(
)

[04-Jan-2021 23:07:57 Asia/Tokyo] デバッグ：現在日時タイムスタンプ：1609769277
[04-Jan-2021 23:08:08 Asia/Tokyo] デバッグ：未ログインユーザーです
[04-Jan-2021 23:08:08 Asia/Tokyo] デバッグ：Login Page.
[04-Jan-2021 23:08:08 Asia/Tokyo] デバッグ：*********************************** 描画処理開始
[04-Jan-2021 23:08:08 Asia/Tokyo] デバッグ：セッションID：gvdlocf3inf8202vh3ruv0qj8b
[04-Jan-2021 23:08:08 Asia/Tokyo] デバッグ：セッション変数の中身：Array
(
)

[04-Jan-2021 23:08:08 Asia/Tokyo] デバッグ：現在日時タイムスタンプ：1609769288
[04-Jan-2021 23:08:08 Asia/Tokyo] デバッグ：POST送信があります
[04-Jan-2021 23:08:08 Asia/Tokyo] デバッグ：バリデーションチェックOK
[04-Jan-2021 23:08:08 Asia/Tokyo] デバッグ：クエリ結果の中身：Array
(
    [password] => $2y$10$M2eVVxLwY1h4tQRZ00J0heHyhduSwFHlWx8WzrsuV1p2iXeA7xOcS
    [id] => 2
)

[04-Jan-2021 23:08:08 Asia/Tokyo] デバッグ：パスワードがマッチしました
[04-Jan-2021 23:08:08 Asia/Tokyo] デバッグ：ログイン保持にチェックがあります
[04-Jan-2021 23:08:08 Asia/Tokyo] デバッグ：セッション変数の中身：Array
(
    [login_date] => 1609769288
    [login_limit] => 2592000
    [user_id] => 2
)

[04-Jan-2021 23:08:08 Asia/Tokyo] デバッグ：マイページへ遷移します
[04-Jan-2021 23:08:08 Asia/Tokyo] デバッグ：ログイン済ユーザーです
[04-Jan-2021 23:08:08 Asia/Tokyo] デバッグ：ログイン有効期限以内です
[04-Jan-2021 23:08:11 Asia/Tokyo] デバッグ：ログイン済ユーザーです
[04-Jan-2021 23:08:11 Asia/Tokyo] デバッグ：ログイン有効期限以内です
[04-Jan-2021 23:10:01 Asia/Tokyo] デバッグ：ログイン済ユーザーです
[04-Jan-2021 23:10:01 Asia/Tokyo] デバッグ：ログイン有効期限以内です
[04-Jan-2021 23:10:52 Asia/Tokyo] デバッグ：ログイン済ユーザーです
[04-Jan-2021 23:10:52 Asia/Tokyo] デバッグ：ログイン有効期限以内です
[04-Jan-2021 23:11:00 Asia/Tokyo] デバッグ：ログイン済ユーザーです
[04-Jan-2021 23:11:00 Asia/Tokyo] デバッグ：ログイン有効期限以内です
[04-Jan-2021 23:47:35 Asia/Tokyo] デバッグ：ログイン済ユーザーです
[04-Jan-2021 23:47:35 Asia/Tokyo] デバッグ：ログイン有効期限以内です
[05-Jan-2021 01:40:01 Asia/Tokyo] デバッグ：ログイン済ユーザーです
[05-Jan-2021 01:40:01 Asia/Tokyo] デバッグ：ログイン有効期限以内です
[05-Jan-2021 01:42:43 Asia/Tokyo] デバッグ：ログイン済ユーザーです
[05-Jan-2021 01:42:43 Asia/Tokyo] デバッグ：ログイン有効期限以内です
[05-Jan-2021 01:44:17 Asia/Tokyo] デバッグ：ログイン済ユーザーです
[05-Jan-2021 01:44:17 Asia/Tokyo] デバッグ：ログイン有効期限以内です
[05-Jan-2021 01:49:39 Asia/Tokyo] デバッグ：ログイン済ユーザーです
[05-Jan-2021 01:49:39 Asia/Tokyo] デバッグ：ログイン有効期限以内です
[05-Jan-2021 01:51:20 Asia/Tokyo] デバッグ：ログイン済ユーザーです
[05-Jan-2021 01:51:20 Asia/Tokyo] デバッグ：ログイン有効期限以内です
[05-Jan-2021 01:51:36 Asia/Tokyo] デバッグ：ログイン済ユーザーです
[05-Jan-2021 01:51:36 Asia/Tokyo] デバッグ：ログイン有効期限以内です
[05-Jan-2021 01:57:41 Asia/Tokyo] デバッグ：ログイン済ユーザーです
[05-Jan-2021 01:57:41 Asia/Tokyo] デバッグ：ログイン有効期限以内です
[05-Jan-2021 01:58:16 Asia/Tokyo] デバッグ：ログイン済ユーザーです
[05-Jan-2021 01:58:16 Asia/Tokyo] デバッグ：ログイン有効期限以内です
[05-Jan-2021 01:58:27 Asia/Tokyo] デバッグ：ログイン済ユーザーです
[05-Jan-2021 01:58:27 Asia/Tokyo] デバッグ：ログイン有効期限以内です
[05-Jan-2021 22:23:07 Asia/Tokyo] デバッグ：ログイン済ユーザーです
[05-Jan-2021 22:23:07 Asia/Tokyo] デバッグ：ログイン有効期限以内です
[05-Jan-2021 22:24:43 Asia/Tokyo] デバッグ：ログイン済ユーザーです
[05-Jan-2021 22:24:43 Asia/Tokyo] デバッグ：ログイン有効期限以内です
[05-Jan-2021 22:25:50 Asia/Tokyo] デバッグ：ログイン済ユーザーです
[05-Jan-2021 22:25:50 Asia/Tokyo] デバッグ：ログイン有効期限以内です
[05-Jan-2021 22:26:51 Asia/Tokyo] デバッグ：ログイン済ユーザーです
[05-Jan-2021 22:26:51 Asia/Tokyo] デバッグ：ログイン有効期限以内です
[05-Jan-2021 22:27:24 Asia/Tokyo] デバッグ：ログイン済ユーザーです
[05-Jan-2021 22:27:24 Asia/Tokyo] デバッグ：ログイン有効期限以内です
[05-Jan-2021 22:27:35 Asia/Tokyo] デバッグ：ログイン済ユーザーです
[05-Jan-2021 22:27:35 Asia/Tokyo] デバッグ：ログイン有効期限以内です
[05-Jan-2021 22:32:22 Asia/Tokyo] デバッグ：ログイン済ユーザーです
[05-Jan-2021 22:32:22 Asia/Tokyo] デバッグ：ログイン有効期限以内です
[05-Jan-2021 23:23:04 Asia/Tokyo] デバッグ：ログイン済ユーザーです
[05-Jan-2021 23:23:04 Asia/Tokyo] デバッグ：ログイン有効期限以内です
[05-Jan-2021 23:23:04 Asia/Tokyo] デバッグ：Profile編集ページ***********************
[05-Jan-2021 23:23:04 Asia/Tokyo] デバッグ：*********************************** 描画処理開始
[05-Jan-2021 23:23:04 Asia/Tokyo] デバッグ：セッションID：q6994eun288l2g5hmj1oadtjbu
[05-Jan-2021 23:23:04 Asia/Tokyo] デバッグ：セッション変数の中身：Array
(
    [login_date] => 1609856584
    [login_limit] => 2592000
    [user_id] => 2
)

[05-Jan-2021 23:23:04 Asia/Tokyo] デバッグ：現在日時タイムスタンプ：1609856584
[05-Jan-2021 23:23:04 Asia/Tokyo] デバッグ：ログイン期日日時タイムスタンプ：1612448584
[05-Jan-2021 23:23:04 Asia/Tokyo] デバッグ：クエリ成功：ユーザー情報を取得しました
[05-Jan-2021 23:23:04 Asia/Tokyo] デバッグ：取得したユーザー情報： Array
(
    [id] => 2
    [username] => 
    [age] => 0
    [tel] => 
    [zip] => 0
    [addr] => 
    [email] => test02@com
    [password] => $2y$10$M2eVVxLwY1h4tQRZ00J0heHyhduSwFHlWx8WzrsuV1p2iXeA7xOcS
    [login_time] => 2021-01-01 23:05:43
    [delete_flg] => 0
    [create_date] => 2021-01-01 23:05:43
    [update_date] => 2021-01-01 23:05:43
)

